\BOOKMARK [1][-]{section*.1}{\376\377\000C\000o\000u\000r\000s\000e\000\040\000D\000e\000s\000c\000r\000i\000p\000t\000i\000o\000n}{}% 1
\BOOKMARK [1][-]{section*.2}{\376\377\000C\000o\000u\000r\000s\000e\000\040\000O\000b\000j\000e\000c\000t\000i\000v\000e\000s}{}% 2
\BOOKMARK [1][-]{section*.3}{\376\377\000C\000o\000u\000r\000s\000e\000\040\000C\000o\000m\000p\000o\000n\000e\000n\000t\000s}{}% 3
\BOOKMARK [1][-]{section*.4}{\376\377\000C\000o\000u\000r\000s\000e\000\040\000P\000o\000l\000i\000c\000y}{}% 4
\BOOKMARK [2][-]{subsection*.5}{\376\377\000G\000r\000a\000d\000i\000n\000g\000\040\000P\000o\000l\000i\000c\000y}{section*.4}% 5
\BOOKMARK [2][-]{subsection*.6}{\376\377\000L\000a\000t\000e\000\040\000W\000o\000r\000k}{section*.4}% 6
\BOOKMARK [2][-]{subsection*.7}{\376\377\000A\000t\000t\000e\000n\000d\000a\000n\000c\000e\000\040\000P\000o\000l\000i\000c\000y}{section*.4}% 7
\BOOKMARK [2][-]{subsection*.8}{\376\377\000C\000o\000u\000r\000s\000e\000\040\000P\000r\000i\000v\000a\000c\000y}{section*.4}% 8
\BOOKMARK [2][-]{subsection*.9}{\376\377\000T\000h\000e\000\040\000H\000o\000n\000o\000r\000\040\000C\000o\000d\000e}{section*.4}% 9
\BOOKMARK [2][-]{subsection*.10}{\376\377\000A\000c\000a\000d\000e\000m\000i\000c\000\040\000A\000c\000c\000o\000m\000o\000d\000a\000t\000i\000o\000n\000s}{section*.4}% 10
\BOOKMARK [2][-]{subsection*.11}{\376\377\000M\000e\000n\000t\000a\000l\000\040\000W\000e\000l\000l\000-\000B\000e\000i\000n\000g}{section*.4}% 11
\BOOKMARK [1][-]{section*.12}{\376\377\000C\000l\000a\000s\000s\000\040\000S\000c\000h\000e\000d\000u\000l\000e}{}% 12
\BOOKMARK [2][-]{subsection*.13}{\376\377\000W\000e\000e\000k\000\040\0000\0001\000,\000\040\0000\0003\000/\0002\0009\000:\000\040\000S\000y\000l\000l\000a\000b\000u\000s\000\040\000D\000a\000y}{section*.12}% 13
\BOOKMARK [2][-]{subsection*.14}{\376\377\000W\000e\000e\000k\000\040\0000\0002\000,\000\040\0000\0004\000/\0000\0005\000:\000\040\000M\000i\000c\000r\000o\000t\000e\000a\000c\000h\000i\000n\000g}{section*.12}% 14
\BOOKMARK [2][-]{subsection*.15}{\376\377\000W\000e\000e\000k\000\040\0000\0003\000,\000\040\0000\0004\000/\0001\0002\000:\000\040\000L\000e\000s\000s\000o\000n\000\040\000P\000l\000a\000n\000n\000i\000n\000g\000\040\000\046\000\040\000L\000e\000a\000r\000n\000e\000r\000\040\000C\000e\000n\000t\000e\000r\000e\000d\000\040\000T\000e\000a\000c\000h\000i\000n\000g}{section*.12}% 15
\BOOKMARK [2][-]{subsection*.16}{\376\377\000W\000e\000e\000k\000\040\0000\0004\000,\000\040\0000\0004\000/\0001\0009\000:\000\040\000L\000e\000a\000d\000i\000n\000g\000\040\000E\000n\000g\000a\000g\000i\000n\000g\000\040\000C\000l\000a\000s\000s\000r\000o\000o\000m\000\040\000D\000i\000s\000c\000u\000s\000s\000i\000o\000n\000s}{section*.12}% 16
\BOOKMARK [2][-]{subsection*.17}{\376\377\000W\000e\000e\000k\000\040\0000\0005\000,\000\040\0000\0004\000/\0002\0006\000:\000\040\000L\000e\000c\000t\000u\000r\000i\000n\000g\000\040\000\046\000\040\000R\000u\000n\000n\000i\000n\000g\000\040\000L\000a\000b\000s\000\040\000[\000Z\000O\000O\000M\000\040\000C\000L\000A\000S\000S\000]}{section*.12}% 17
\BOOKMARK [2][-]{subsection*.18}{\376\377\000W\000e\000e\000k\000\040\0000\0006\000,\000\040\0000\0005\000/\0000\0003\000:\000\040\000A\000s\000s\000e\000s\000s\000m\000e\000n\000t\000s\000\040\000\046\000\040\000G\000r\000a\000d\000i\000n\000g\000,\000\040\000P\000a\000r\000t\000\040\000I\000\040\000[\000Z\000O\000O\000M\000\040\000C\000L\000A\000S\000S\000]}{section*.12}% 18
\BOOKMARK [2][-]{subsection*.19}{\376\377\000W\000e\000e\000k\000\040\0000\0007\000,\000\040\0000\0005\000/\0001\0000\000:\000\040\000A\000c\000t\000i\000v\000e\000\040\000L\000e\000a\000r\000n\000i\000n\000g\000\040\000\046\000\040\000L\000e\000a\000d\000i\000n\000g\000\040\000I\000n\000-\000C\000l\000a\000s\000s\000\040\000A\000c\000t\000i\000v\000i\000t\000i\000e\000s}{section*.12}% 19
\BOOKMARK [2][-]{subsection*.20}{\376\377\000W\000e\000e\000k\000\040\0000\0008\000,\000\040\0000\0005\000/\0001\0007\000:\000\040\000A\000s\000s\000e\000s\000s\000m\000e\000n\000t\000s\000\040\000\046\000\040\000G\000r\000a\000d\000i\000n\000g\000,\000\040\000P\000a\000r\000t\000\040\000I\000I\000\040\000|\000|\000\040\000F\000i\000n\000a\000l\000\040\000T\000e\000a\000c\000h\000i\000n\000g\000\040\000M\000o\000m\000e\000n\000t\000\040\000P\000r\000e\000s\000e\000n\000t\000a\000t\000i\000o\000n\000s}{section*.12}% 20
\BOOKMARK [2][-]{subsection*.21}{\376\377\000W\000e\000e\000k\000\040\0000\0009\000,\000\040\0000\0005\000/\0002\0004\000:\000\040\000F\000i\000n\000a\000l\000\040\000T\000e\000a\000c\000h\000i\000n\000g\000\040\000M\000o\000m\000e\000n\000t\000\040\000P\000r\000e\000s\000e\000n\000t\000a\000t\000i\000o\000n}{section*.12}% 21
\BOOKMARK [2][-]{subsection*.22}{\376\377\000W\000e\000e\000k\000\040\0001\0000\000,\000\040\0000\0005\000/\0003\0001\000:\000\040\000N\000o\000\040\000C\000l\000a\000s\000s}{section*.12}% 22
